Design Route Status
                                               :      # nets :
   ------------------------------------------- : ----------- :
   # of logical nets.......................... :        2548 :
       # of nets not needing routing.......... :         751 :
           # of internally routed nets........ :         706 :
           # of nets with no loads............ :          36 :
       # of routable nets..................... :        1797 :
           # of fully routed nets............. :        1797 :
       # of nets with routing errors.......... :           9 :
           # of nets with no driver........... :           9 :
   ------------------------------------------- : ----------- :


Nets with Routing Errors:
  dm/U0/synth_options.dist_mem_inst/gen_sp_ram.spram_inst/ram_reg_0_255_0_0/A0
  dm/U0/synth_options.dist_mem_inst/gen_sp_ram.spram_inst/ram_reg_0_255_1_1/A0
  dm/U0/synth_options.dist_mem_inst/gen_sp_ram.spram_inst/ram_reg_0_255_2_2/A0
  dm/U0/synth_options.dist_mem_inst/gen_sp_ram.spram_inst/ram_reg_0_255_3_3/A0
  dm/U0/synth_options.dist_mem_inst/gen_sp_ram.spram_inst/ram_reg_0_255_4_4/A0
  dm/U0/synth_options.dist_mem_inst/gen_sp_ram.spram_inst/ram_reg_0_255_5_5/A0
  dm/U0/synth_options.dist_mem_inst/gen_sp_ram.spram_inst/ram_reg_0_255_6_6/A0
  dm/U0/synth_options.dist_mem_inst/gen_sp_ram.spram_inst/ram_reg_0_255_7_7/A0
  dm/U0/synth_options.dist_mem_inst/gen_sp_ram.spram_inst/ram_reg_0_255_8_8/A0

