Copyright 1986-2021 Xilinx, Inc. All Rights Reserved.
-------------------------------------------------------------------------------------
| Tool Version : Vivado v.2021.2 (lin64) Build 3367213 Tue Oct 19 02:47:39 MDT 2021
| Date         : Fri Apr 22 20:32:32 2022
| Host         : trevormax-precision5550 running 64-bit Manjaro Linux
| Command      : report_control_sets -verbose -file Datapath_control_sets_placed.rpt
| Design       : Datapath
| Device       : xc7k70t
-------------------------------------------------------------------------------------

Control Set Information

Table of Contents
-----------------
1. Summary
2. Histogram
3. Flip-Flop Distribution
4. Detailed Control Set Information

1. Summary
----------

+----------------------------------------------------------+-------+
|                          Status                          | Count |
+----------------------------------------------------------+-------+
| Total control sets                                       |   258 |
|    Minimum number of control sets                        |   258 |
|    Addition due to synthesis replication                 |     0 |
|    Addition due to physical synthesis replication        |     0 |
| Unused register locations in slices containing registers |     2 |
+----------------------------------------------------------+-------+
* Control sets can be merged at opt_design using control_set_merge or merge_equivalent_drivers
** Run report_qor_suggestions for automated merging and remapping suggestions


2. Histogram
------------

+--------------------+-------+
|       Fanout       | Count |
+--------------------+-------+
| Total control sets |   258 |
| >= 0 to < 4        |     0 |
| >= 4 to < 6        |     0 |
| >= 6 to < 8        |     0 |
| >= 8 to < 10       |     0 |
| >= 10 to < 12      |     0 |
| >= 12 to < 14      |     0 |
| >= 14 to < 16      |     0 |
| >= 16              |   258 |
+--------------------+-------+
* Control sets can be remapped at either synth_design or opt_design


3. Flip-Flop Distribution
-------------------------

+--------------+-----------------------+------------------------+-----------------+--------------+
| Clock Enable | Synchronous Set/Reset | Asynchronous Set/Reset | Total Registers | Total Slices |
+--------------+-----------------------+------------------------+-----------------+--------------+
| No           | No                    | No                     |               0 |            0 |
| No           | No                    | Yes                    |              30 |            8 |
| No           | Yes                   | No                     |               0 |            0 |
| Yes          | No                    | No                     |               0 |            0 |
| Yes          | No                    | Yes                    |            8224 |         3297 |
| Yes          | Yes                   | No                     |               0 |            0 |
+--------------+-----------------------+------------------------+-----------------+--------------+


4. Detailed Control Set Information
-----------------------------------

+------------------+-----------------------------------------+------------------+------------------+----------------+--------------+
|   Clock Signal   |              Enable Signal              | Set/Reset Signal | Slice Load Count | Bel Load Count | Bels / Slice |
+------------------+-----------------------------------------+------------------+------------------+----------------+--------------+
| ~clock_IBUF_BUFG |                                         | clear_IBUF       |                8 |             30 |         3.75 |
| ~clock_IBUF_BUFG | pc_register/content[255][31]_i_8_26[0]  | clear_IBUF       |               11 |             32 |         2.91 |
| ~clock_IBUF_BUFG | pc_register/content[255][31]_i_8_13[0]  | clear_IBUF       |               11 |             32 |         2.91 |
| ~clock_IBUF_BUFG | pc_register/content[255][31]_i_8_25[0]  | clear_IBUF       |                9 |             32 |         3.56 |
| ~clock_IBUF_BUFG | pc_register/content[255][31]_i_8_24[0]  | clear_IBUF       |               11 |             32 |         2.91 |
| ~clock_IBUF_BUFG | pc_register/content[255][31]_i_8_23[0]  | clear_IBUF       |                8 |             32 |         4.00 |
| ~clock_IBUF_BUFG | pc_register/content[255][31]_i_8_22[0]  | clear_IBUF       |               17 |             32 |         1.88 |
| ~clock_IBUF_BUFG | pc_register/content[255][31]_i_8_21[0]  | clear_IBUF       |               18 |             32 |         1.78 |
| ~clock_IBUF_BUFG | pc_register/content[255][31]_i_8_20[0]  | clear_IBUF       |               16 |             32 |         2.00 |
| ~clock_IBUF_BUFG | pc_register/content[255][31]_i_8_2[0]   | clear_IBUF       |                9 |             32 |         3.56 |
| ~clock_IBUF_BUFG | pc_register/content[255][31]_i_8_19[0]  | clear_IBUF       |                9 |             32 |         3.56 |
| ~clock_IBUF_BUFG | pc_register/content[255][31]_i_8_18[0]  | clear_IBUF       |               10 |             32 |         3.20 |
| ~clock_IBUF_BUFG | pc_register/content[255][31]_i_8_17[0]  | clear_IBUF       |               14 |             32 |         2.29 |
| ~clock_IBUF_BUFG | pc_register/content[255][31]_i_8_16[0]  | clear_IBUF       |               14 |             32 |         2.29 |
| ~clock_IBUF_BUFG | pc_register/content[255][31]_i_8_15[0]  | clear_IBUF       |               13 |             32 |         2.46 |
| ~clock_IBUF_BUFG | pc_register/content[255][31]_i_8_14[0]  | clear_IBUF       |               17 |             32 |         1.88 |
| ~clock_IBUF_BUFG | pc_register/content[255][31]_i_8_40[0]  | clear_IBUF       |               12 |             32 |         2.67 |
| ~clock_IBUF_BUFG | pc_register/content[255][31]_i_8_27[0]  | clear_IBUF       |               11 |             32 |         2.91 |
| ~clock_IBUF_BUFG | pc_register/content[255][31]_i_8_28[0]  | clear_IBUF       |               10 |             32 |         3.20 |
| ~clock_IBUF_BUFG | pc_register/content[255][31]_i_8_29[0]  | clear_IBUF       |               12 |             32 |         2.67 |
| ~clock_IBUF_BUFG | pc_register/content[255][31]_i_8_3[0]   | clear_IBUF       |               12 |             32 |         2.67 |
| ~clock_IBUF_BUFG | pc_register/content[255][31]_i_8_30[0]  | clear_IBUF       |               16 |             32 |         2.00 |
| ~clock_IBUF_BUFG | pc_register/content[255][31]_i_8_31[0]  | clear_IBUF       |               11 |             32 |         2.91 |
| ~clock_IBUF_BUFG | pc_register/content[255][31]_i_8_32[0]  | clear_IBUF       |               18 |             32 |         1.78 |
| ~clock_IBUF_BUFG | pc_register/content[255][31]_i_8_33[0]  | clear_IBUF       |               11 |             32 |         2.91 |
| ~clock_IBUF_BUFG | pc_register/content[255][31]_i_8_34[0]  | clear_IBUF       |               11 |             32 |         2.91 |
| ~clock_IBUF_BUFG | pc_register/content[255][31]_i_8_35[0]  | clear_IBUF       |               11 |             32 |         2.91 |
| ~clock_IBUF_BUFG | pc_register/content[255][31]_i_8_36[0]  | clear_IBUF       |               16 |             32 |         2.00 |
| ~clock_IBUF_BUFG | pc_register/content[255][31]_i_8_37[0]  | clear_IBUF       |               16 |             32 |         2.00 |
| ~clock_IBUF_BUFG | pc_register/content[255][31]_i_8_38[0]  | clear_IBUF       |               19 |             32 |         1.68 |
| ~clock_IBUF_BUFG | pc_register/content[255][31]_i_8_39[0]  | clear_IBUF       |               10 |             32 |         3.20 |
| ~clock_IBUF_BUFG | pc_register/content[255][31]_i_8_4[0]   | clear_IBUF       |                9 |             32 |         3.56 |
| ~clock_IBUF_BUFG | pc_register/content[255][31]_i_8_41[0]  | clear_IBUF       |               12 |             32 |         2.67 |
| ~clock_IBUF_BUFG | pc_register/content[255][31]_i_8_110[0] | clear_IBUF       |               16 |             32 |         2.00 |
| ~clock_IBUF_BUFG | pc_register/content[255][31]_i_8[0]     | clear_IBUF       |                8 |             32 |         4.00 |
| ~clock_IBUF_BUFG | pc_register/content[255][31]_i_8_0[0]   | clear_IBUF       |               11 |             32 |         2.91 |
| ~clock_IBUF_BUFG | pc_register/content[255][31]_i_8_1[0]   | clear_IBUF       |               10 |             32 |         3.20 |
| ~clock_IBUF_BUFG | pc_register/content[255][31]_i_8_10[0]  | clear_IBUF       |                9 |             32 |         3.56 |
| ~clock_IBUF_BUFG | pc_register/content[255][31]_i_8_100[0] | clear_IBUF       |               12 |             32 |         2.67 |
| ~clock_IBUF_BUFG | pc_register/content[255][31]_i_8_101[0] | clear_IBUF       |               15 |             32 |         2.13 |
| ~clock_IBUF_BUFG | pc_register/content[255][31]_i_8_102[0] | clear_IBUF       |               17 |             32 |         1.88 |
| ~clock_IBUF_BUFG | pc_register/content[255][31]_i_8_103[0] | clear_IBUF       |               17 |             32 |         1.88 |
| ~clock_IBUF_BUFG | pc_register/content[255][31]_i_8_104[0] | clear_IBUF       |                9 |             32 |         3.56 |
| ~clock_IBUF_BUFG | pc_register/content[255][31]_i_8_105[0] | clear_IBUF       |               11 |             32 |         2.91 |
| ~clock_IBUF_BUFG | pc_register/content[255][31]_i_8_106[0] | clear_IBUF       |               10 |             32 |         3.20 |
| ~clock_IBUF_BUFG | pc_register/content[255][31]_i_8_107[0] | clear_IBUF       |                7 |             32 |         4.57 |
| ~clock_IBUF_BUFG | pc_register/content[255][31]_i_8_108[0] | clear_IBUF       |               11 |             32 |         2.91 |
| ~clock_IBUF_BUFG | pc_register/content[255][31]_i_8_109[0] | clear_IBUF       |               12 |             32 |         2.67 |
| ~clock_IBUF_BUFG | pc_register/content[255][31]_i_8_11[0]  | clear_IBUF       |                9 |             32 |         3.56 |
| ~clock_IBUF_BUFG | pc_register/content[255][31]_i_8_125[0] | clear_IBUF       |               15 |             32 |         2.13 |
| ~clock_IBUF_BUFG | pc_register/content[255][31]_i_8_111[0] | clear_IBUF       |                8 |             32 |         4.00 |
| ~clock_IBUF_BUFG | pc_register/content[255][31]_i_8_112[0] | clear_IBUF       |                9 |             32 |         3.56 |
| ~clock_IBUF_BUFG | pc_register/content[255][31]_i_8_113[0] | clear_IBUF       |               13 |             32 |         2.46 |
| ~clock_IBUF_BUFG | pc_register/content[255][31]_i_8_114[0] | clear_IBUF       |               12 |             32 |         2.67 |
| ~clock_IBUF_BUFG | pc_register/content[255][31]_i_8_115[0] | clear_IBUF       |               12 |             32 |         2.67 |
| ~clock_IBUF_BUFG | pc_register/content[255][31]_i_8_116[0] | clear_IBUF       |               12 |             32 |         2.67 |
| ~clock_IBUF_BUFG | pc_register/content[255][31]_i_8_117[0] | clear_IBUF       |               14 |             32 |         2.29 |
| ~clock_IBUF_BUFG | pc_register/content[255][31]_i_8_118[0] | clear_IBUF       |               19 |             32 |         1.68 |
| ~clock_IBUF_BUFG | pc_register/content[255][31]_i_8_119[0] | clear_IBUF       |               15 |             32 |         2.13 |
| ~clock_IBUF_BUFG | pc_register/content[255][31]_i_8_12[0]  | clear_IBUF       |               12 |             32 |         2.67 |
| ~clock_IBUF_BUFG | pc_register/content[255][31]_i_8_120[0] | clear_IBUF       |                8 |             32 |         4.00 |
| ~clock_IBUF_BUFG | pc_register/content[255][31]_i_8_121[0] | clear_IBUF       |               14 |             32 |         2.29 |
| ~clock_IBUF_BUFG | pc_register/content[255][31]_i_8_122[0] | clear_IBUF       |               14 |             32 |         2.29 |
| ~clock_IBUF_BUFG | pc_register/content[255][31]_i_8_123[0] | clear_IBUF       |               10 |             32 |         3.20 |
| ~clock_IBUF_BUFG | pc_register/content[255][31]_i_8_124[0] | clear_IBUF       |               11 |             32 |         2.91 |
| ~clock_IBUF_BUFG | pc_register/content[255][31]_i_8_78[0]  | clear_IBUF       |               15 |             32 |         2.13 |
| ~clock_IBUF_BUFG | pc_register/content[255][31]_i_8_85[0]  | clear_IBUF       |               13 |             32 |         2.46 |
| ~clock_IBUF_BUFG | pc_register/content[255][31]_i_8_84[0]  | clear_IBUF       |               10 |             32 |         3.20 |
| ~clock_IBUF_BUFG | pc_register/content[255][31]_i_8_83[0]  | clear_IBUF       |                7 |             32 |         4.57 |
| ~clock_IBUF_BUFG | pc_register/content[255][31]_i_8_82[0]  | clear_IBUF       |                8 |             32 |         4.00 |
| ~clock_IBUF_BUFG | pc_register/content[255][31]_i_8_81[0]  | clear_IBUF       |               14 |             32 |         2.29 |
| ~clock_IBUF_BUFG | pc_register/content[255][31]_i_8_80[0]  | clear_IBUF       |               13 |             32 |         2.46 |
| ~clock_IBUF_BUFG | pc_register/content[255][31]_i_8_8[0]   | clear_IBUF       |                9 |             32 |         3.56 |
| ~clock_IBUF_BUFG | pc_register/content[255][31]_i_8_79[0]  | clear_IBUF       |                8 |             32 |         4.00 |
| ~clock_IBUF_BUFG | pc_register/content[255][31]_i_8_86[0]  | clear_IBUF       |               16 |             32 |         2.00 |
| ~clock_IBUF_BUFG | pc_register/content[255][31]_i_8_77[0]  | clear_IBUF       |               14 |             32 |         2.29 |
| ~clock_IBUF_BUFG | pc_register/content[255][31]_i_8_76[0]  | clear_IBUF       |               10 |             32 |         3.20 |
| ~clock_IBUF_BUFG | pc_register/content[255][31]_i_8_75[0]  | clear_IBUF       |               11 |             32 |         2.91 |
| ~clock_IBUF_BUFG | pc_register/content[255][31]_i_8_74[0]  | clear_IBUF       |               12 |             32 |         2.67 |
| ~clock_IBUF_BUFG | pc_register/content[255][31]_i_8_73[0]  | clear_IBUF       |               13 |             32 |         2.46 |
| ~clock_IBUF_BUFG | pc_register/content[255][31]_i_8_72[0]  | clear_IBUF       |               13 |             32 |         2.46 |
| ~clock_IBUF_BUFG | pc_register/content[255][31]_i_8_71[0]  | clear_IBUF       |               12 |             32 |         2.67 |
| ~clock_IBUF_BUFG | pc_register/content[255][31]_i_8_70[0]  | clear_IBUF       |               17 |             32 |         1.88 |
| ~clock_IBUF_BUFG | pc_register/content[255][31]_i_8_87[0]  | clear_IBUF       |               11 |             32 |         2.91 |
| ~clock_IBUF_BUFG | pc_register/content[255][31]_i_8_88[0]  | clear_IBUF       |               13 |             32 |         2.46 |
| ~clock_IBUF_BUFG | pc_register/content[255][31]_i_8_89[0]  | clear_IBUF       |               12 |             32 |         2.67 |
| ~clock_IBUF_BUFG | pc_register/content[255][31]_i_8_9[0]   | clear_IBUF       |               12 |             32 |         2.67 |
| ~clock_IBUF_BUFG | pc_register/content[255][31]_i_8_90[0]  | clear_IBUF       |               12 |             32 |         2.67 |
| ~clock_IBUF_BUFG | pc_register/content[255][31]_i_8_91[0]  | clear_IBUF       |               12 |             32 |         2.67 |
| ~clock_IBUF_BUFG | pc_register/content[255][31]_i_8_92[0]  | clear_IBUF       |                7 |             32 |         4.57 |
| ~clock_IBUF_BUFG | pc_register/content[255][31]_i_8_93[0]  | clear_IBUF       |               14 |             32 |         2.29 |
| ~clock_IBUF_BUFG | pc_register/content[255][31]_i_8_94[0]  | clear_IBUF       |               18 |             32 |         1.78 |
| ~clock_IBUF_BUFG | pc_register/content[255][31]_i_8_95[0]  | clear_IBUF       |                8 |             32 |         4.00 |
| ~clock_IBUF_BUFG | pc_register/content[255][31]_i_8_96[0]  | clear_IBUF       |                8 |             32 |         4.00 |
| ~clock_IBUF_BUFG | pc_register/content[255][31]_i_8_97[0]  | clear_IBUF       |                7 |             32 |         4.57 |
| ~clock_IBUF_BUFG | pc_register/content[255][31]_i_8_98[0]  | clear_IBUF       |                7 |             32 |         4.57 |
| ~clock_IBUF_BUFG | pc_register/content[255][31]_i_8_99[0]  | clear_IBUF       |                9 |             32 |         3.56 |
| ~clock_IBUF_BUFG | pc_register/out_reg[4]_0[0]             | clear_IBUF       |               14 |             32 |         2.29 |
| ~clock_IBUF_BUFG | pc_register/content[255][31]_i_8_56[0]  | clear_IBUF       |               15 |             32 |         2.13 |
| ~clock_IBUF_BUFG | pc_register/content[255][31]_i_8_42[0]  | clear_IBUF       |               13 |             32 |         2.46 |
| ~clock_IBUF_BUFG | pc_register/content[255][31]_i_8_43[0]  | clear_IBUF       |               17 |             32 |         1.88 |
| ~clock_IBUF_BUFG | pc_register/content[255][31]_i_8_44[0]  | clear_IBUF       |               14 |             32 |         2.29 |
| ~clock_IBUF_BUFG | pc_register/content[255][31]_i_8_45[0]  | clear_IBUF       |               16 |             32 |         2.00 |
| ~clock_IBUF_BUFG | pc_register/content[255][31]_i_8_46[0]  | clear_IBUF       |               17 |             32 |         1.88 |
| ~clock_IBUF_BUFG | pc_register/content[255][31]_i_8_47[0]  | clear_IBUF       |               11 |             32 |         2.91 |
| ~clock_IBUF_BUFG | pc_register/content[255][31]_i_8_48[0]  | clear_IBUF       |               13 |             32 |         2.46 |
| ~clock_IBUF_BUFG | pc_register/content[255][31]_i_8_49[0]  | clear_IBUF       |                7 |             32 |         4.57 |
| ~clock_IBUF_BUFG | pc_register/content[255][31]_i_8_5[0]   | clear_IBUF       |               13 |             32 |         2.46 |
| ~clock_IBUF_BUFG | pc_register/content[255][31]_i_8_50[0]  | clear_IBUF       |               10 |             32 |         3.20 |
| ~clock_IBUF_BUFG | pc_register/content[255][31]_i_8_51[0]  | clear_IBUF       |                9 |             32 |         3.56 |
| ~clock_IBUF_BUFG | pc_register/content[255][31]_i_8_52[0]  | clear_IBUF       |               14 |             32 |         2.29 |
| ~clock_IBUF_BUFG | pc_register/content[255][31]_i_8_53[0]  | clear_IBUF       |               11 |             32 |         2.91 |
| ~clock_IBUF_BUFG | pc_register/content[255][31]_i_8_54[0]  | clear_IBUF       |               16 |             32 |         2.00 |
| ~clock_IBUF_BUFG | pc_register/content[255][31]_i_8_55[0]  | clear_IBUF       |               11 |             32 |         2.91 |
| ~clock_IBUF_BUFG | pc_register/content[127][31]_i_4_99[0]  | clear_IBUF       |               12 |             32 |         2.67 |
| ~clock_IBUF_BUFG | pc_register/content[255][31]_i_8_57[0]  | clear_IBUF       |               15 |             32 |         2.13 |
| ~clock_IBUF_BUFG | pc_register/content[255][31]_i_8_58[0]  | clear_IBUF       |               15 |             32 |         2.13 |
| ~clock_IBUF_BUFG | pc_register/content[255][31]_i_8_59[0]  | clear_IBUF       |               10 |             32 |         3.20 |
| ~clock_IBUF_BUFG | pc_register/content[255][31]_i_8_6[0]   | clear_IBUF       |               15 |             32 |         2.13 |
| ~clock_IBUF_BUFG | pc_register/content[255][31]_i_8_60[0]  | clear_IBUF       |               11 |             32 |         2.91 |
| ~clock_IBUF_BUFG | pc_register/content[255][31]_i_8_61[0]  | clear_IBUF       |               13 |             32 |         2.46 |
| ~clock_IBUF_BUFG | pc_register/content[255][31]_i_8_62[0]  | clear_IBUF       |               16 |             32 |         2.00 |
| ~clock_IBUF_BUFG | pc_register/content[255][31]_i_8_63[0]  | clear_IBUF       |               10 |             32 |         3.20 |
| ~clock_IBUF_BUFG | pc_register/content[255][31]_i_8_64[0]  | clear_IBUF       |               11 |             32 |         2.91 |
| ~clock_IBUF_BUFG | pc_register/content[255][31]_i_8_65[0]  | clear_IBUF       |                9 |             32 |         3.56 |
| ~clock_IBUF_BUFG | pc_register/content[255][31]_i_8_66[0]  | clear_IBUF       |                9 |             32 |         3.56 |
| ~clock_IBUF_BUFG | pc_register/content[255][31]_i_8_67[0]  | clear_IBUF       |               10 |             32 |         3.20 |
| ~clock_IBUF_BUFG | pc_register/content[255][31]_i_8_68[0]  | clear_IBUF       |               13 |             32 |         2.46 |
| ~clock_IBUF_BUFG | pc_register/content[255][31]_i_8_69[0]  | clear_IBUF       |               14 |             32 |         2.29 |
| ~clock_IBUF_BUFG | pc_register/content[255][31]_i_8_7[0]   | clear_IBUF       |                8 |             32 |         4.00 |
| ~clock_IBUF_BUFG | pc_register/content[127][31]_i_4_25[0]  | clear_IBUF       |               14 |             32 |         2.29 |
| ~clock_IBUF_BUFG | pc_register/content[127][31]_i_4_125[0] | clear_IBUF       |               13 |             32 |         2.46 |
| ~clock_IBUF_BUFG | pc_register/content[127][31]_i_4_126[0] | clear_IBUF       |               18 |             32 |         1.78 |
| ~clock_IBUF_BUFG | pc_register/content[127][31]_i_4_13[0]  | clear_IBUF       |               12 |             32 |         2.67 |
| ~clock_IBUF_BUFG | pc_register/content[127][31]_i_4_14[0]  | clear_IBUF       |               11 |             32 |         2.91 |
| ~clock_IBUF_BUFG | pc_register/content[127][31]_i_4_15[0]  | clear_IBUF       |               12 |             32 |         2.67 |
| ~clock_IBUF_BUFG | pc_register/content[127][31]_i_4_16[0]  | clear_IBUF       |               15 |             32 |         2.13 |
| ~clock_IBUF_BUFG | pc_register/content[127][31]_i_4_17[0]  | clear_IBUF       |                8 |             32 |         4.00 |
| ~clock_IBUF_BUFG | pc_register/content[127][31]_i_4_18[0]  | clear_IBUF       |               10 |             32 |         3.20 |
| ~clock_IBUF_BUFG | pc_register/content[127][31]_i_4_19[0]  | clear_IBUF       |               13 |             32 |         2.46 |
| ~clock_IBUF_BUFG | pc_register/content[127][31]_i_4_2[0]   | clear_IBUF       |               14 |             32 |         2.29 |
| ~clock_IBUF_BUFG | pc_register/content[127][31]_i_4_20[0]  | clear_IBUF       |                6 |             32 |         5.33 |
| ~clock_IBUF_BUFG | pc_register/content[127][31]_i_4_21[0]  | clear_IBUF       |               13 |             32 |         2.46 |
| ~clock_IBUF_BUFG | pc_register/content[127][31]_i_4_22[0]  | clear_IBUF       |               18 |             32 |         1.78 |
| ~clock_IBUF_BUFG | pc_register/content[127][31]_i_4_23[0]  | clear_IBUF       |               13 |             32 |         2.46 |
| ~clock_IBUF_BUFG | pc_register/content[127][31]_i_4_24[0]  | clear_IBUF       |               15 |             32 |         2.13 |
| ~clock_IBUF_BUFG | pc_register/content[127][31]_i_4_124[0] | clear_IBUF       |               12 |             32 |         2.67 |
| ~clock_IBUF_BUFG | pc_register/content[127][31]_i_4_26[0]  | clear_IBUF       |               10 |             32 |         3.20 |
| ~clock_IBUF_BUFG | pc_register/content[127][31]_i_4_27[0]  | clear_IBUF       |               15 |             32 |         2.13 |
| ~clock_IBUF_BUFG | pc_register/content[127][31]_i_4_28[0]  | clear_IBUF       |                9 |             32 |         3.56 |
| ~clock_IBUF_BUFG | pc_register/content[127][31]_i_4_29[0]  | clear_IBUF       |               16 |             32 |         2.00 |
| ~clock_IBUF_BUFG | pc_register/content[127][31]_i_4_3[0]   | clear_IBUF       |               15 |             32 |         2.13 |
| ~clock_IBUF_BUFG | pc_register/content[127][31]_i_4_30[0]  | clear_IBUF       |               18 |             32 |         1.78 |
| ~clock_IBUF_BUFG | pc_register/content[127][31]_i_4_31[0]  | clear_IBUF       |               17 |             32 |         1.88 |
| ~clock_IBUF_BUFG | pc_register/content[127][31]_i_4_32[0]  | clear_IBUF       |               17 |             32 |         1.88 |
| ~clock_IBUF_BUFG | pc_register/content[127][31]_i_4_33[0]  | clear_IBUF       |               16 |             32 |         2.00 |
| ~clock_IBUF_BUFG | pc_register/content[127][31]_i_4_34[0]  | clear_IBUF       |               16 |             32 |         2.00 |
| ~clock_IBUF_BUFG | pc_register/content[127][31]_i_4_35[0]  | clear_IBUF       |               16 |             32 |         2.00 |
| ~clock_IBUF_BUFG | pc_register/content[127][31]_i_4_36[0]  | clear_IBUF       |               17 |             32 |         1.88 |
| ~clock_IBUF_BUFG | pc_register/content[127][31]_i_4_37[0]  | clear_IBUF       |               17 |             32 |         1.88 |
| ~clock_IBUF_BUFG | pc_register/content[127][31]_i_4_38[0]  | clear_IBUF       |               19 |             32 |         1.68 |
| ~clock_IBUF_BUFG | pc_register/content[127][31]_i_4_39[0]  | clear_IBUF       |               11 |             32 |         2.91 |
| ~clock_IBUF_BUFG | pc_register/content[127][31]_i_4_11[0]  | clear_IBUF       |               10 |             32 |         3.20 |
| ~clock_IBUF_BUFG | pc_register/E[0]                        | clear_IBUF       |               16 |             32 |         2.00 |
| ~clock_IBUF_BUFG | pc_register/content[127][31]_i_4[0]     | clear_IBUF       |               15 |             32 |         2.13 |
| ~clock_IBUF_BUFG | pc_register/content[127][31]_i_4_0[0]   | clear_IBUF       |               12 |             32 |         2.67 |
| ~clock_IBUF_BUFG | pc_register/content[127][31]_i_4_1[0]   | clear_IBUF       |               15 |             32 |         2.13 |
| ~clock_IBUF_BUFG | pc_register/content[127][31]_i_4_10[0]  | clear_IBUF       |               11 |             32 |         2.91 |
| ~clock_IBUF_BUFG | pc_register/content[127][31]_i_4_100[0] | clear_IBUF       |                7 |             32 |         4.57 |
| ~clock_IBUF_BUFG | pc_register/content[127][31]_i_4_101[0] | clear_IBUF       |               10 |             32 |         3.20 |
| ~clock_IBUF_BUFG | pc_register/content[127][31]_i_4_102[0] | clear_IBUF       |                8 |             32 |         4.00 |
| ~clock_IBUF_BUFG | pc_register/content[127][31]_i_4_103[0] | clear_IBUF       |               12 |             32 |         2.67 |
| ~clock_IBUF_BUFG | pc_register/content[127][31]_i_4_104[0] | clear_IBUF       |                7 |             32 |         4.57 |
| ~clock_IBUF_BUFG | pc_register/content[127][31]_i_4_105[0] | clear_IBUF       |               11 |             32 |         2.91 |
| ~clock_IBUF_BUFG | pc_register/content[127][31]_i_4_106[0] | clear_IBUF       |               15 |             32 |         2.13 |
| ~clock_IBUF_BUFG | pc_register/content[127][31]_i_4_107[0] | clear_IBUF       |               11 |             32 |         2.91 |
| ~clock_IBUF_BUFG | pc_register/content[127][31]_i_4_108[0] | clear_IBUF       |                8 |             32 |         4.00 |
| ~clock_IBUF_BUFG | pc_register/content[127][31]_i_4_109[0] | clear_IBUF       |               15 |             32 |         2.13 |
| ~clock_IBUF_BUFG | pc_register/content[127][31]_i_4_4[0]   | clear_IBUF       |               18 |             32 |         1.78 |
| ~clock_IBUF_BUFG | pc_register/content[127][31]_i_4_110[0] | clear_IBUF       |               22 |             32 |         1.45 |
| ~clock_IBUF_BUFG | pc_register/content[127][31]_i_4_111[0] | clear_IBUF       |               17 |             32 |         1.88 |
| ~clock_IBUF_BUFG | pc_register/content[127][31]_i_4_112[0] | clear_IBUF       |               17 |             32 |         1.88 |
| ~clock_IBUF_BUFG | pc_register/content[127][31]_i_4_113[0] | clear_IBUF       |                9 |             32 |         3.56 |
| ~clock_IBUF_BUFG | pc_register/content[127][31]_i_4_114[0] | clear_IBUF       |               12 |             32 |         2.67 |
| ~clock_IBUF_BUFG | pc_register/content[127][31]_i_4_115[0] | clear_IBUF       |               16 |             32 |         2.00 |
| ~clock_IBUF_BUFG | pc_register/content[127][31]_i_4_116[0] | clear_IBUF       |               15 |             32 |         2.13 |
| ~clock_IBUF_BUFG | pc_register/content[127][31]_i_4_117[0] | clear_IBUF       |               20 |             32 |         1.60 |
| ~clock_IBUF_BUFG | pc_register/content[127][31]_i_4_118[0] | clear_IBUF       |               18 |             32 |         1.78 |
| ~clock_IBUF_BUFG | pc_register/content[127][31]_i_4_119[0] | clear_IBUF       |               13 |             32 |         2.46 |
| ~clock_IBUF_BUFG | pc_register/content[127][31]_i_4_12[0]  | clear_IBUF       |               12 |             32 |         2.67 |
| ~clock_IBUF_BUFG | pc_register/content[127][31]_i_4_120[0] | clear_IBUF       |               12 |             32 |         2.67 |
| ~clock_IBUF_BUFG | pc_register/content[127][31]_i_4_121[0] | clear_IBUF       |               13 |             32 |         2.46 |
| ~clock_IBUF_BUFG | pc_register/content[127][31]_i_4_122[0] | clear_IBUF       |               12 |             32 |         2.67 |
| ~clock_IBUF_BUFG | pc_register/content[127][31]_i_4_123[0] | clear_IBUF       |               13 |             32 |         2.46 |
| ~clock_IBUF_BUFG | pc_register/content[127][31]_i_4_83[0]  | clear_IBUF       |               11 |             32 |         2.91 |
| ~clock_IBUF_BUFG | pc_register/content[127][31]_i_4_7[0]   | clear_IBUF       |               19 |             32 |         1.68 |
| ~clock_IBUF_BUFG | pc_register/content[127][31]_i_4_70[0]  | clear_IBUF       |               12 |             32 |         2.67 |
| ~clock_IBUF_BUFG | pc_register/content[127][31]_i_4_71[0]  | clear_IBUF       |               11 |             32 |         2.91 |
| ~clock_IBUF_BUFG | pc_register/content[127][31]_i_4_72[0]  | clear_IBUF       |               14 |             32 |         2.29 |
| ~clock_IBUF_BUFG | pc_register/content[127][31]_i_4_73[0]  | clear_IBUF       |               12 |             32 |         2.67 |
| ~clock_IBUF_BUFG | pc_register/content[127][31]_i_4_74[0]  | clear_IBUF       |               15 |             32 |         2.13 |
| ~clock_IBUF_BUFG | pc_register/content[127][31]_i_4_75[0]  | clear_IBUF       |               13 |             32 |         2.46 |
| ~clock_IBUF_BUFG | pc_register/content[127][31]_i_4_76[0]  | clear_IBUF       |                9 |             32 |         3.56 |
| ~clock_IBUF_BUFG | pc_register/content[127][31]_i_4_77[0]  | clear_IBUF       |               13 |             32 |         2.46 |
| ~clock_IBUF_BUFG | pc_register/content[127][31]_i_4_78[0]  | clear_IBUF       |               17 |             32 |         1.88 |
| ~clock_IBUF_BUFG | pc_register/content[127][31]_i_4_79[0]  | clear_IBUF       |                9 |             32 |         3.56 |
| ~clock_IBUF_BUFG | pc_register/content[127][31]_i_4_8[0]   | clear_IBUF       |               18 |             32 |         1.78 |
| ~clock_IBUF_BUFG | pc_register/content[127][31]_i_4_80[0]  | clear_IBUF       |               11 |             32 |         2.91 |
| ~clock_IBUF_BUFG | pc_register/content[127][31]_i_4_81[0]  | clear_IBUF       |               12 |             32 |         2.67 |
| ~clock_IBUF_BUFG | pc_register/content[127][31]_i_4_82[0]  | clear_IBUF       |                9 |             32 |         3.56 |
| ~clock_IBUF_BUFG | pc_register/content[127][31]_i_4_69[0]  | clear_IBUF       |               11 |             32 |         2.91 |
| ~clock_IBUF_BUFG | pc_register/content[127][31]_i_4_84[0]  | clear_IBUF       |               13 |             32 |         2.46 |
| ~clock_IBUF_BUFG | pc_register/content[127][31]_i_4_85[0]  | clear_IBUF       |                9 |             32 |         3.56 |
| ~clock_IBUF_BUFG | pc_register/content[127][31]_i_4_86[0]  | clear_IBUF       |               16 |             32 |         2.00 |
| ~clock_IBUF_BUFG | pc_register/content[127][31]_i_4_87[0]  | clear_IBUF       |               11 |             32 |         2.91 |
| ~clock_IBUF_BUFG | pc_register/content[127][31]_i_4_88[0]  | clear_IBUF       |               11 |             32 |         2.91 |
| ~clock_IBUF_BUFG | pc_register/content[127][31]_i_4_89[0]  | clear_IBUF       |                7 |             32 |         4.57 |
| ~clock_IBUF_BUFG | pc_register/content[127][31]_i_4_9[0]   | clear_IBUF       |               11 |             32 |         2.91 |
| ~clock_IBUF_BUFG | pc_register/content[127][31]_i_4_90[0]  | clear_IBUF       |               13 |             32 |         2.46 |
| ~clock_IBUF_BUFG | pc_register/content[127][31]_i_4_91[0]  | clear_IBUF       |                8 |             32 |         4.00 |
| ~clock_IBUF_BUFG | pc_register/content[127][31]_i_4_92[0]  | clear_IBUF       |               14 |             32 |         2.29 |
| ~clock_IBUF_BUFG | pc_register/content[127][31]_i_4_93[0]  | clear_IBUF       |               16 |             32 |         2.00 |
| ~clock_IBUF_BUFG | pc_register/content[127][31]_i_4_94[0]  | clear_IBUF       |               18 |             32 |         1.78 |
| ~clock_IBUF_BUFG | pc_register/content[127][31]_i_4_95[0]  | clear_IBUF       |                9 |             32 |         3.56 |
| ~clock_IBUF_BUFG | pc_register/content[127][31]_i_4_96[0]  | clear_IBUF       |               10 |             32 |         3.20 |
| ~clock_IBUF_BUFG | pc_register/content[127][31]_i_4_97[0]  | clear_IBUF       |               13 |             32 |         2.46 |
| ~clock_IBUF_BUFG | pc_register/content[127][31]_i_4_54[0]  | clear_IBUF       |               20 |             32 |         1.60 |
| ~clock_IBUF_BUFG | pc_register/content[127][31]_i_4_40[0]  | clear_IBUF       |               18 |             32 |         1.78 |
| ~clock_IBUF_BUFG | pc_register/content[127][31]_i_4_41[0]  | clear_IBUF       |               16 |             32 |         2.00 |
| ~clock_IBUF_BUFG | pc_register/content[127][31]_i_4_42[0]  | clear_IBUF       |               13 |             32 |         2.46 |
| ~clock_IBUF_BUFG | pc_register/content[127][31]_i_4_43[0]  | clear_IBUF       |               13 |             32 |         2.46 |
| ~clock_IBUF_BUFG | pc_register/content[127][31]_i_4_44[0]  | clear_IBUF       |               18 |             32 |         1.78 |
| ~clock_IBUF_BUFG | pc_register/content[127][31]_i_4_45[0]  | clear_IBUF       |               16 |             32 |         2.00 |
| ~clock_IBUF_BUFG | pc_register/content[127][31]_i_4_46[0]  | clear_IBUF       |               19 |             32 |         1.68 |
| ~clock_IBUF_BUFG | pc_register/content[127][31]_i_4_47[0]  | clear_IBUF       |               15 |             32 |         2.13 |
| ~clock_IBUF_BUFG | pc_register/content[127][31]_i_4_48[0]  | clear_IBUF       |               16 |             32 |         2.00 |
| ~clock_IBUF_BUFG | pc_register/content[127][31]_i_4_49[0]  | clear_IBUF       |               16 |             32 |         2.00 |
| ~clock_IBUF_BUFG | pc_register/content[127][31]_i_4_5[0]   | clear_IBUF       |               15 |             32 |         2.13 |
| ~clock_IBUF_BUFG | pc_register/content[127][31]_i_4_50[0]  | clear_IBUF       |               16 |             32 |         2.00 |
| ~clock_IBUF_BUFG | pc_register/content[127][31]_i_4_51[0]  | clear_IBUF       |               15 |             32 |         2.13 |
| ~clock_IBUF_BUFG | pc_register/content[127][31]_i_4_52[0]  | clear_IBUF       |               12 |             32 |         2.67 |
| ~clock_IBUF_BUFG | pc_register/content[127][31]_i_4_53[0]  | clear_IBUF       |               14 |             32 |         2.29 |
| ~clock_IBUF_BUFG | pc_register/content[127][31]_i_4_98[0]  | clear_IBUF       |               16 |             32 |         2.00 |
| ~clock_IBUF_BUFG | pc_register/content[127][31]_i_4_55[0]  | clear_IBUF       |               13 |             32 |         2.46 |
| ~clock_IBUF_BUFG | pc_register/content[127][31]_i_4_56[0]  | clear_IBUF       |               14 |             32 |         2.29 |
| ~clock_IBUF_BUFG | pc_register/content[127][31]_i_4_57[0]  | clear_IBUF       |               14 |             32 |         2.29 |
| ~clock_IBUF_BUFG | pc_register/content[127][31]_i_4_58[0]  | clear_IBUF       |               17 |             32 |         1.88 |
| ~clock_IBUF_BUFG | pc_register/content[127][31]_i_4_59[0]  | clear_IBUF       |               14 |             32 |         2.29 |
| ~clock_IBUF_BUFG | pc_register/content[127][31]_i_4_6[0]   | clear_IBUF       |               17 |             32 |         1.88 |
| ~clock_IBUF_BUFG | pc_register/content[127][31]_i_4_60[0]  | clear_IBUF       |               16 |             32 |         2.00 |
| ~clock_IBUF_BUFG | pc_register/content[127][31]_i_4_61[0]  | clear_IBUF       |               17 |             32 |         1.88 |
| ~clock_IBUF_BUFG | pc_register/content[127][31]_i_4_62[0]  | clear_IBUF       |               21 |             32 |         1.52 |
| ~clock_IBUF_BUFG | pc_register/content[127][31]_i_4_63[0]  | clear_IBUF       |               10 |             32 |         3.20 |
| ~clock_IBUF_BUFG | pc_register/content[127][31]_i_4_64[0]  | clear_IBUF       |                8 |             32 |         4.00 |
| ~clock_IBUF_BUFG | pc_register/content[127][31]_i_4_65[0]  | clear_IBUF       |               13 |             32 |         2.46 |
| ~clock_IBUF_BUFG | pc_register/content[127][31]_i_4_66[0]  | clear_IBUF       |                8 |             32 |         4.00 |
| ~clock_IBUF_BUFG | pc_register/content[127][31]_i_4_67[0]  | clear_IBUF       |               11 |             32 |         2.91 |
| ~clock_IBUF_BUFG | pc_register/content[127][31]_i_4_68[0]  | clear_IBUF       |               10 |             32 |         3.20 |
+------------------+-----------------------------------------+------------------+------------------+----------------+--------------+


