
*** Running vivado
    with args -log palu_top.vds -m64 -product Vivado -mode batch -messageDb vivado.pb -notrace -source palu_top.tcl


****** Vivado v2021.2 (64-bit)
  **** SW Build 3367213 on Tue Oct 19 02:47:39 MDT 2021
  **** IP Build 3369179 on Thu Oct 21 08:25:16 MDT 2021
    ** Copyright 1986-2021 Xilinx, Inc. All Rights Reserved.

source palu_top.tcl -notrace
Command: read_checkpoint -auto_incremental -incremental /home/trevormaxjs/Documents/Engineering/Digital_Design/lab2/lab2.srcs/utils_1/imports/synth_1/eightbit_palu.dcp
INFO: [Vivado 12-5825] Read reference checkpoint from /home/trevormaxjs/Documents/Engineering/Digital_Design/lab2/lab2.srcs/utils_1/imports/synth_1/eightbit_palu.dcp for incremental synthesis
INFO: [Vivado 12-7989] Please ensure there are no constraint changes
Command: synth_design -top palu_top -part xc7z020clg400-1
Starting synth_design
Attempting to get a license for feature 'Synthesis' and/or device 'xc7z020'
INFO: [Common 17-349] Got license for feature 'Synthesis' and/or device 'xc7z020'
WARNING: [Vivado_Tcl 4-1101] Global synthesis options have changed for the design, incremental synthesis will not be run
INFO: [Device 21-403] Loading part xc7z020clg400-1
INFO: [Synth 8-7079] Multithreading enabled for synth_design using a maximum of 4 processes.
INFO: [Synth 8-7078] Launching helper process for spawning children vivado processes
INFO: [Synth 8-7075] Helper process launched with PID 7987
WARNING: [Synth 8-2611] redeclaration of ansi port f is not allowed [/home/trevormaxjs/Documents/Engineering/Digital_Design/lab2/lab2.srcs/sources_1/new/eightbit_palu.v:31]
WARNING: [Synth 8-2611] redeclaration of ansi port ovf is not allowed [/home/trevormaxjs/Documents/Engineering/Digital_Design/lab2/lab2.srcs/sources_1/new/eightbit_palu.v:32]
---------------------------------------------------------------------------------
Starting RTL Elaboration : Time (s): cpu = 00:00:02 ; elapsed = 00:00:03 . Memory (MB): peak = 2598.836 ; gain = 0.000 ; free physical = 22530 ; free virtual = 61087
---------------------------------------------------------------------------------
INFO: [Synth 8-6157] synthesizing module 'palu_top' [/home/trevormaxjs/Documents/Engineering/Digital_Design/lab2/lab2.srcs/sources_1/new/palu_top.v:24]
INFO: [Synth 8-6157] synthesizing module 'eightbit_palu' [/home/trevormaxjs/Documents/Engineering/Digital_Design/lab2/lab2.srcs/sources_1/new/eightbit_palu.v:23]
INFO: [Synth 8-6155] done synthesizing module 'eightbit_palu' (1#1) [/home/trevormaxjs/Documents/Engineering/Digital_Design/lab2/lab2.srcs/sources_1/new/eightbit_palu.v:23]
INFO: [Synth 8-6155] done synthesizing module 'palu_top' (2#1) [/home/trevormaxjs/Documents/Engineering/Digital_Design/lab2/lab2.srcs/sources_1/new/palu_top.v:24]
---------------------------------------------------------------------------------
Finished RTL Elaboration : Time (s): cpu = 00:00:03 ; elapsed = 00:00:03 . Memory (MB): peak = 2598.836 ; gain = 0.000 ; free physical = 22216 ; free virtual = 60773
---------------------------------------------------------------------------------
---------------------------------------------------------------------------------
Start Handling Custom Attributes
---------------------------------------------------------------------------------
---------------------------------------------------------------------------------
Finished Handling Custom Attributes : Time (s): cpu = 00:00:04 ; elapsed = 00:00:04 . Memory (MB): peak = 2598.836 ; gain = 0.000 ; free physical = 22210 ; free virtual = 60767
---------------------------------------------------------------------------------
---------------------------------------------------------------------------------
Finished RTL Optimization Phase 1 : Time (s): cpu = 00:00:04 ; elapsed = 00:00:04 . Memory (MB): peak = 2598.836 ; gain = 0.000 ; free physical = 22210 ; free virtual = 60767
---------------------------------------------------------------------------------
Netlist sorting complete. Time (s): cpu = 00:00:00 ; elapsed = 00:00:00 . Memory (MB): peak = 2598.836 ; gain = 0.000 ; free physical = 22203 ; free virtual = 60760
INFO: [Project 1-570] Preparing netlist for logic optimization

Processing XDC Constraints
Initializing timing engine
Parsing XDC File [/home/trevormaxjs/Documents/Engineering/Digital_Design/lab2/lab2.srcs/sources_1/new/eightbit_palu.xdc]
WARNING: [Vivado 12-584] No ports matched 'wire'. [/home/trevormaxjs/Documents/Engineering/Digital_Design/lab2/lab2.srcs/sources_1/new/eightbit_palu.xdc:14]
Finished Parsing XDC File [/home/trevormaxjs/Documents/Engineering/Digital_Design/lab2/lab2.srcs/sources_1/new/eightbit_palu.xdc]
INFO: [Project 1-236] Implementation specific constraints were found while reading constraint file [/home/trevormaxjs/Documents/Engineering/Digital_Design/lab2/lab2.srcs/sources_1/new/eightbit_palu.xdc]. These constraints will be ignored for synthesis but will be used in implementation. Impacted constraints are listed in the file [.Xil/palu_top_propImpl.xdc].
Resolution: To avoid this warning, move constraints listed in [.Xil/palu_top_propImpl.xdc] to another XDC file and exclude this new file from synthesis with the used_in_synthesis property (File Properties dialog in GUI) and re-run elaboration/synthesis.
Completed Processing XDC Constraints

Netlist sorting complete. Time (s): cpu = 00:00:00 ; elapsed = 00:00:00 . Memory (MB): peak = 2662.711 ; gain = 0.000 ; free physical = 23077 ; free virtual = 61635
INFO: [Project 1-111] Unisim Transformation Summary:
No Unisim elements were transformed.

Constraint Validation Runtime : Time (s): cpu = 00:00:00 ; elapsed = 00:00:00 . Memory (MB): peak = 2662.711 ; gain = 0.000 ; free physical = 23077 ; free virtual = 61635
---------------------------------------------------------------------------------
Finished Constraint Validation : Time (s): cpu = 00:00:07 ; elapsed = 00:00:07 . Memory (MB): peak = 2662.711 ; gain = 63.875 ; free physical = 23145 ; free virtual = 61703
---------------------------------------------------------------------------------
---------------------------------------------------------------------------------
Start Loading Part and Timing Information
---------------------------------------------------------------------------------
Loading part: xc7z020clg400-1
---------------------------------------------------------------------------------
Finished Loading Part and Timing Information : Time (s): cpu = 00:00:07 ; elapsed = 00:00:07 . Memory (MB): peak = 2662.711 ; gain = 63.875 ; free physical = 23145 ; free virtual = 61703
---------------------------------------------------------------------------------
---------------------------------------------------------------------------------
Start Applying 'set_property' XDC Constraints
---------------------------------------------------------------------------------
---------------------------------------------------------------------------------
Finished applying 'set_property' XDC Constraints : Time (s): cpu = 00:00:07 ; elapsed = 00:00:07 . Memory (MB): peak = 2662.711 ; gain = 63.875 ; free physical = 23145 ; free virtual = 61703
---------------------------------------------------------------------------------
---------------------------------------------------------------------------------
Start Preparing Guide Design
---------------------------------------------------------------------------------
---------------------------------------------------------------------------------
Finished Doing Graph Differ : Time (s): cpu = 00:00:07 ; elapsed = 00:00:07 . Memory (MB): peak = 2662.711 ; gain = 63.875 ; free physical = 23144 ; free virtual = 61703
---------------------------------------------------------------------------------
---------------------------------------------------------------------------------
Finished Preparing Guide Design : Time (s): cpu = 00:00:07 ; elapsed = 00:00:07 . Memory (MB): peak = 2662.711 ; gain = 63.875 ; free physical = 23144 ; free virtual = 61703
---------------------------------------------------------------------------------
---------------------------------------------------------------------------------
Finished RTL Optimization Phase 2 : Time (s): cpu = 00:00:07 ; elapsed = 00:00:08 . Memory (MB): peak = 2662.711 ; gain = 63.875 ; free physical = 23136 ; free virtual = 61695
---------------------------------------------------------------------------------


Incremental Synthesis Report Summary:

1. Incremental synthesis run: no

   Reason for not running incremental synthesis : Global synthesis options have changed


INFO: [Synth 8-7130] Flow is switching to default flow due to incremental criteria not met. If you would like to alter this behaviour and have the flow terminate instead, please set the following parameter config_implementation {autoIncr.Synth.RejectBehavior Terminate}
---------------------------------------------------------------------------------
Start RTL Component Statistics 
---------------------------------------------------------------------------------
Detailed RTL Component Info : 
+---Adders : 
	   2 Input    8 Bit       Adders := 1     
+---Muxes : 
	   4 Input    8 Bit        Muxes := 1     
	   4 Input    1 Bit        Muxes := 1     
	   2 Input    1 Bit        Muxes := 1     
---------------------------------------------------------------------------------
Finished RTL Component Statistics 
---------------------------------------------------------------------------------
---------------------------------------------------------------------------------
Start Part Resource Summary
---------------------------------------------------------------------------------
Part Resources:
DSPs: 220 (col length:60)
BRAMs: 280 (col length: RAMB18 60 RAMB36 30)
---------------------------------------------------------------------------------
Finished Part Resource Summary
---------------------------------------------------------------------------------
---------------------------------------------------------------------------------
Start Cross Boundary and Area Optimization
---------------------------------------------------------------------------------
WARNING: [Synth 8-7080] Parallel synthesis criteria is not met
---------------------------------------------------------------------------------
Finished Cross Boundary and Area Optimization : Time (s): cpu = 00:00:08 ; elapsed = 00:00:08 . Memory (MB): peak = 2662.711 ; gain = 63.875 ; free physical = 23119 ; free virtual = 61685
---------------------------------------------------------------------------------
---------------------------------------------------------------------------------
Start Applying XDC Timing Constraints
---------------------------------------------------------------------------------
---------------------------------------------------------------------------------
Finished Applying XDC Timing Constraints : Time (s): cpu = 00:00:11 ; elapsed = 00:00:12 . Memory (MB): peak = 2662.711 ; gain = 63.875 ; free physical = 22995 ; free virtual = 61561
---------------------------------------------------------------------------------
---------------------------------------------------------------------------------
Start Timing Optimization
---------------------------------------------------------------------------------
---------------------------------------------------------------------------------
Finished Timing Optimization : Time (s): cpu = 00:00:11 ; elapsed = 00:00:12 . Memory (MB): peak = 2662.711 ; gain = 63.875 ; free physical = 22995 ; free virtual = 61561
---------------------------------------------------------------------------------
---------------------------------------------------------------------------------
Start Technology Mapping
---------------------------------------------------------------------------------
---------------------------------------------------------------------------------
Finished Technology Mapping : Time (s): cpu = 00:00:11 ; elapsed = 00:00:12 . Memory (MB): peak = 2662.711 ; gain = 63.875 ; free physical = 22993 ; free virtual = 61560
---------------------------------------------------------------------------------
---------------------------------------------------------------------------------
Start IO Insertion
---------------------------------------------------------------------------------
---------------------------------------------------------------------------------
Start Flattening Before IO Insertion
---------------------------------------------------------------------------------
---------------------------------------------------------------------------------
Finished Flattening Before IO Insertion
---------------------------------------------------------------------------------
---------------------------------------------------------------------------------
Start Final Netlist Cleanup
---------------------------------------------------------------------------------
---------------------------------------------------------------------------------
Finished Final Netlist Cleanup
---------------------------------------------------------------------------------
---------------------------------------------------------------------------------
Finished IO Insertion : Time (s): cpu = 00:00:14 ; elapsed = 00:00:15 . Memory (MB): peak = 2662.711 ; gain = 63.875 ; free physical = 22994 ; free virtual = 61561
---------------------------------------------------------------------------------
---------------------------------------------------------------------------------
Start Renaming Generated Instances
---------------------------------------------------------------------------------
---------------------------------------------------------------------------------
Finished Renaming Generated Instances : Time (s): cpu = 00:00:14 ; elapsed = 00:00:15 . Memory (MB): peak = 2662.711 ; gain = 63.875 ; free physical = 22994 ; free virtual = 61561
---------------------------------------------------------------------------------
---------------------------------------------------------------------------------
Start Rebuilding User Hierarchy
---------------------------------------------------------------------------------
---------------------------------------------------------------------------------
Finished Rebuilding User Hierarchy : Time (s): cpu = 00:00:14 ; elapsed = 00:00:15 . Memory (MB): peak = 2662.711 ; gain = 63.875 ; free physical = 22994 ; free virtual = 61561
---------------------------------------------------------------------------------
---------------------------------------------------------------------------------
Start Renaming Generated Ports
---------------------------------------------------------------------------------
---------------------------------------------------------------------------------
Finished Renaming Generated Ports : Time (s): cpu = 00:00:14 ; elapsed = 00:00:15 . Memory (MB): peak = 2662.711 ; gain = 63.875 ; free physical = 22994 ; free virtual = 61561
---------------------------------------------------------------------------------
---------------------------------------------------------------------------------
Start Handling Custom Attributes
---------------------------------------------------------------------------------
---------------------------------------------------------------------------------
Finished Handling Custom Attributes : Time (s): cpu = 00:00:14 ; elapsed = 00:00:15 . Memory (MB): peak = 2662.711 ; gain = 63.875 ; free physical = 22994 ; free virtual = 61561
---------------------------------------------------------------------------------
---------------------------------------------------------------------------------
Start Renaming Generated Nets
---------------------------------------------------------------------------------
---------------------------------------------------------------------------------
Finished Renaming Generated Nets : Time (s): cpu = 00:00:14 ; elapsed = 00:00:15 . Memory (MB): peak = 2662.711 ; gain = 63.875 ; free physical = 22994 ; free virtual = 61561
---------------------------------------------------------------------------------
---------------------------------------------------------------------------------
Start Writing Synthesis Report
---------------------------------------------------------------------------------

Report BlackBoxes: 
+-+--------------+----------+
| |BlackBox name |Instances |
+-+--------------+----------+
+-+--------------+----------+

Report Cell Usage: 
+------+-------+------+
|      |Cell   |Count |
+------+-------+------+
|1     |CARRY4 |     2|
|2     |LUT1   |     1|
|3     |LUT2   |     4|
|4     |LUT4   |     5|
|5     |LUT5   |     4|
|6     |IBUF   |    14|
|7     |OBUF   |     9|
+------+-------+------+
---------------------------------------------------------------------------------
Finished Writing Synthesis Report : Time (s): cpu = 00:00:14 ; elapsed = 00:00:15 . Memory (MB): peak = 2662.711 ; gain = 63.875 ; free physical = 22994 ; free virtual = 61561
---------------------------------------------------------------------------------
Synthesis finished with 0 errors, 0 critical warnings and 1 warnings.
Synthesis Optimization Runtime : Time (s): cpu = 00:00:13 ; elapsed = 00:00:14 . Memory (MB): peak = 2662.711 ; gain = 0.000 ; free physical = 23053 ; free virtual = 61619
Synthesis Optimization Complete : Time (s): cpu = 00:00:14 ; elapsed = 00:00:15 . Memory (MB): peak = 2662.711 ; gain = 63.875 ; free physical = 23053 ; free virtual = 61619
INFO: [Project 1-571] Translating synthesized netlist
Netlist sorting complete. Time (s): cpu = 00:00:00 ; elapsed = 00:00:00 . Memory (MB): peak = 2662.711 ; gain = 0.000 ; free physical = 23047 ; free virtual = 61613
INFO: [Netlist 29-17] Analyzing 2 Unisim elements for replacement
INFO: [Netlist 29-28] Unisim Transformation completed in 4 CPU seconds
INFO: [Project 1-570] Preparing netlist for logic optimization
INFO: [Opt 31-138] Pushed 0 inverter(s) to 0 load pin(s).
Netlist sorting complete. Time (s): cpu = 00:00:00 ; elapsed = 00:00:00 . Memory (MB): peak = 2662.711 ; gain = 0.000 ; free physical = 23077 ; free virtual = 61643
INFO: [Project 1-111] Unisim Transformation Summary:
No Unisim elements were transformed.

Synth Design complete, checksum: 1c591c37
INFO: [Common 17-83] Releasing license: Synthesis
22 Infos, 5 Warnings, 0 Critical Warnings and 0 Errors encountered.
synth_design completed successfully
synth_design: Time (s): cpu = 00:00:21 ; elapsed = 00:00:18 . Memory (MB): peak = 2662.711 ; gain = 64.031 ; free physical = 23280 ; free virtual = 61847
INFO: [Common 17-1381] The checkpoint '/home/trevormaxjs/Documents/Engineering/Digital_Design/lab2/lab2.runs/synth_1/palu_top.dcp' has been generated.
INFO: [runtcl-4] Executing : report_utilization -file palu_top_utilization_synth.rpt -pb palu_top_utilization_synth.pb
INFO: [Common 17-206] Exiting Vivado at Fri Feb 11 09:45:47 2022...
