
*** Running vivado
    with args -log alu_regfile_vio_top.vds -m64 -product Vivado -mode batch -messageDb vivado.pb -notrace -source alu_regfile_vio_top.tcl


****** Vivado v2021.2 (64-bit)
  **** SW Build 3367213 on Tue Oct 19 02:47:39 MDT 2021
  **** IP Build 3369179 on Thu Oct 21 08:25:16 MDT 2021
    ** Copyright 1986-2021 Xilinx, Inc. All Rights Reserved.

source alu_regfile_vio_top.tcl -notrace
Command: read_checkpoint -auto_incremental -incremental /home/trevormaxjs/lab_4/lab_4.srcs/utils_1/imports/synth_1/reg_file.dcp
INFO: [Vivado 12-5825] Read reference checkpoint from /home/trevormaxjs/lab_4/lab_4.srcs/utils_1/imports/synth_1/reg_file.dcp for incremental synthesis
INFO: [Vivado 12-7989] Please ensure there are no constraint changes
Command: synth_design -top alu_regfile_vio_top -part xc7z020clg400-1
Starting synth_design
Attempting to get a license for feature 'Synthesis' and/or device 'xc7z020'
INFO: [Common 17-349] Got license for feature 'Synthesis' and/or device 'xc7z020'
INFO: [Device 21-403] Loading part xc7z020clg400-1
WARNING: [Designutils 20-4072] Reference run did not run incremental synthesis because the design is too small; reverting to default synthesis
INFO: [Designutils 20-4379] Flow is switching to default flow due to incremental criteria not met. If you would like to alter this behaviour and have the flow terminate instead, please set the following parameter config_implementation {autoIncr.Synth.RejectBehavior Terminate}
INFO: [Synth 8-7079] Multithreading enabled for synth_design using a maximum of 4 processes.
INFO: [Synth 8-7078] Launching helper process for spawning children vivado processes
INFO: [Synth 8-7075] Helper process launched with PID 76669
WARNING: [Synth 8-2611] redeclaration of ansi port f is not allowed [/home/trevormaxjs/Documents/Engineering/Digital_Design/lab3/lab3.srcs/sources_1/new/eightbit_alu.v:32]
WARNING: [Synth 8-2611] redeclaration of ansi port ovf is not allowed [/home/trevormaxjs/Documents/Engineering/Digital_Design/lab3/lab3.srcs/sources_1/new/eightbit_alu.v:33]
WARNING: [Synth 8-2611] redeclaration of ansi port take_branch is not allowed [/home/trevormaxjs/Documents/Engineering/Digital_Design/lab3/lab3.srcs/sources_1/new/eightbit_alu.v:34]
---------------------------------------------------------------------------------
Starting RTL Elaboration : Time (s): cpu = 00:00:03 ; elapsed = 00:00:03 . Memory (MB): peak = 2600.859 ; gain = 0.000 ; free physical = 19219 ; free virtual = 59157
---------------------------------------------------------------------------------
INFO: [Synth 8-6157] synthesizing module 'alu_regfile_vio_top' [/home/trevormaxjs/lab_4/lab_4.srcs/sources_1/new/alu_regfile_vio_top.v:23]
INFO: [Synth 8-6157] synthesizing module 'alu_regfile' [/home/trevormaxjs/lab_4/lab_4.srcs/sources_1/new/alu_regfile.v:23]
INFO: [Synth 8-6157] synthesizing module 'reg_file' [/home/trevormaxjs/lab_4/lab_4.srcs/sources_1/new/reg_file.v:24]
INFO: [Synth 8-6155] done synthesizing module 'reg_file' (1#1) [/home/trevormaxjs/lab_4/lab_4.srcs/sources_1/new/reg_file.v:24]
INFO: [Synth 8-6157] synthesizing module 'eightbit_alu' [/home/trevormaxjs/Documents/Engineering/Digital_Design/lab3/lab3.srcs/sources_1/new/eightbit_alu.v:23]
INFO: [Synth 8-226] default block is never used [/home/trevormaxjs/Documents/Engineering/Digital_Design/lab3/lab3.srcs/sources_1/new/eightbit_alu.v:37]
INFO: [Synth 8-6155] done synthesizing module 'eightbit_alu' (2#1) [/home/trevormaxjs/Documents/Engineering/Digital_Design/lab3/lab3.srcs/sources_1/new/eightbit_alu.v:23]
INFO: [Synth 8-6155] done synthesizing module 'alu_regfile' (3#1) [/home/trevormaxjs/lab_4/lab_4.srcs/sources_1/new/alu_regfile.v:23]
INFO: [Synth 8-6157] synthesizing module 'vio_0' [/home/trevormaxjs/lab_4/lab_4.runs/synth_1/.Xil/Vivado-76563-trevormax-precision5550/realtime/vio_0_stub.v:6]
INFO: [Synth 8-6155] done synthesizing module 'vio_0' (4#1) [/home/trevormaxjs/lab_4/lab_4.runs/synth_1/.Xil/Vivado-76563-trevormax-precision5550/realtime/vio_0_stub.v:6]
INFO: [Synth 8-6071] Mark debug on the nets applies keep_hierarchy on instance 'vio'. This will prevent further optimization [/home/trevormaxjs/lab_4/lab_4.srcs/sources_1/new/alu_regfile_vio_top.v:74]
INFO: [Synth 8-6071] Mark debug on the nets applies keep_hierarchy on instance 'wefoih'. This will prevent further optimization [/home/trevormaxjs/lab_4/lab_4.srcs/sources_1/new/alu_regfile_vio_top.v:53]
INFO: [Synth 8-6155] done synthesizing module 'alu_regfile_vio_top' (5#1) [/home/trevormaxjs/lab_4/lab_4.srcs/sources_1/new/alu_regfile_vio_top.v:23]
---------------------------------------------------------------------------------
Finished RTL Elaboration : Time (s): cpu = 00:00:04 ; elapsed = 00:00:04 . Memory (MB): peak = 2600.859 ; gain = 0.000 ; free physical = 18972 ; free virtual = 58901
---------------------------------------------------------------------------------
---------------------------------------------------------------------------------
Start Handling Custom Attributes
---------------------------------------------------------------------------------
---------------------------------------------------------------------------------
Finished Handling Custom Attributes : Time (s): cpu = 00:00:05 ; elapsed = 00:00:05 . Memory (MB): peak = 2600.859 ; gain = 0.000 ; free physical = 19834 ; free virtual = 59765
---------------------------------------------------------------------------------
---------------------------------------------------------------------------------
Finished RTL Optimization Phase 1 : Time (s): cpu = 00:00:05 ; elapsed = 00:00:05 . Memory (MB): peak = 2600.859 ; gain = 0.000 ; free physical = 19833 ; free virtual = 59765
---------------------------------------------------------------------------------
Netlist sorting complete. Time (s): cpu = 00:00:00 ; elapsed = 00:00:00 . Memory (MB): peak = 2600.859 ; gain = 0.000 ; free physical = 19824 ; free virtual = 59755
INFO: [Project 1-570] Preparing netlist for logic optimization

Processing XDC Constraints
Initializing timing engine
Parsing XDC File [/home/trevormaxjs/lab_4/lab_4.gen/sources_1/ip/vio_0/vio_0/vio_0_in_context.xdc] for cell 'vio'
Finished Parsing XDC File [/home/trevormaxjs/lab_4/lab_4.gen/sources_1/ip/vio_0/vio_0/vio_0_in_context.xdc] for cell 'vio'
Parsing XDC File [/home/trevormaxjs/lab_4/lab_4.srcs/sources_1/new/eightbit_alu_regfile.xdc]
Finished Parsing XDC File [/home/trevormaxjs/lab_4/lab_4.srcs/sources_1/new/eightbit_alu_regfile.xdc]
INFO: [Project 1-236] Implementation specific constraints were found while reading constraint file [/home/trevormaxjs/lab_4/lab_4.srcs/sources_1/new/eightbit_alu_regfile.xdc]. These constraints will be ignored for synthesis but will be used in implementation. Impacted constraints are listed in the file [.Xil/alu_regfile_vio_top_propImpl.xdc].
Resolution: To avoid this warning, move constraints listed in [.Xil/alu_regfile_vio_top_propImpl.xdc] to another XDC file and exclude this new file from synthesis with the used_in_synthesis property (File Properties dialog in GUI) and re-run elaboration/synthesis.
Completed Processing XDC Constraints

Netlist sorting complete. Time (s): cpu = 00:00:00 ; elapsed = 00:00:00 . Memory (MB): peak = 2664.730 ; gain = 0.000 ; free physical = 19795 ; free virtual = 59731
INFO: [Project 1-111] Unisim Transformation Summary:
No Unisim elements were transformed.

Constraint Validation Runtime : Time (s): cpu = 00:00:00 ; elapsed = 00:00:00 . Memory (MB): peak = 2664.730 ; gain = 0.000 ; free physical = 19795 ; free virtual = 59731
WARNING: [Timing 38-316] Clock period '10.000' specified during out-of-context synthesis of instance 'vio' at clock pin 'clk' is different from the actual clock period '8.000', this can lead to different synthesis results.
WARNING: [Designutils 20-4072] Reference run did not run incremental synthesis because the design is too small; reverting to default synthesis
INFO: [Designutils 20-4379] Flow is switching to default flow due to incremental criteria not met. If you would like to alter this behaviour and have the flow terminate instead, please set the following parameter config_implementation {autoIncr.Synth.RejectBehavior Terminate}
---------------------------------------------------------------------------------
Finished Constraint Validation : Time (s): cpu = 00:00:09 ; elapsed = 00:00:09 . Memory (MB): peak = 2664.730 ; gain = 63.871 ; free physical = 19871 ; free virtual = 59804
---------------------------------------------------------------------------------
---------------------------------------------------------------------------------
Start Loading Part and Timing Information
---------------------------------------------------------------------------------
Loading part: xc7z020clg400-1
---------------------------------------------------------------------------------
Finished Loading Part and Timing Information : Time (s): cpu = 00:00:09 ; elapsed = 00:00:09 . Memory (MB): peak = 2664.730 ; gain = 63.871 ; free physical = 19871 ; free virtual = 59804
---------------------------------------------------------------------------------
---------------------------------------------------------------------------------
Start Applying 'set_property' XDC Constraints
---------------------------------------------------------------------------------
Applied set_property KEEP_HIERARCHY = SOFT for vio. (constraint file  auto generated constraint).
---------------------------------------------------------------------------------
Finished applying 'set_property' XDC Constraints : Time (s): cpu = 00:00:09 ; elapsed = 00:00:09 . Memory (MB): peak = 2664.730 ; gain = 63.871 ; free physical = 19874 ; free virtual = 59804
---------------------------------------------------------------------------------
---------------------------------------------------------------------------------
Finished RTL Optimization Phase 2 : Time (s): cpu = 00:00:09 ; elapsed = 00:00:09 . Memory (MB): peak = 2664.730 ; gain = 63.871 ; free physical = 19866 ; free virtual = 59797
---------------------------------------------------------------------------------
---------------------------------------------------------------------------------
Start RTL Component Statistics 
---------------------------------------------------------------------------------
Detailed RTL Component Info : 
+---Adders : 
	   2 Input    8 Bit       Adders := 1     
+---Registers : 
	                9 Bit    Registers := 6     
+---Muxes : 
	   2 Input    9 Bit        Muxes := 4     
	   4 Input    9 Bit        Muxes := 3     
	   2 Input    8 Bit        Muxes := 1     
	   2 Input    1 Bit        Muxes := 5     
	   8 Input    1 Bit        Muxes := 2     
---------------------------------------------------------------------------------
Finished RTL Component Statistics 
---------------------------------------------------------------------------------
---------------------------------------------------------------------------------
Start Part Resource Summary
---------------------------------------------------------------------------------
Part Resources:
DSPs: 220 (col length:60)
BRAMs: 280 (col length: RAMB18 60 RAMB36 30)
---------------------------------------------------------------------------------
Finished Part Resource Summary
---------------------------------------------------------------------------------
---------------------------------------------------------------------------------
Start Cross Boundary and Area Optimization
---------------------------------------------------------------------------------
WARNING: [Synth 8-7080] Parallel synthesis criteria is not met
---------------------------------------------------------------------------------
Finished Cross Boundary and Area Optimization : Time (s): cpu = 00:00:10 ; elapsed = 00:00:10 . Memory (MB): peak = 2664.730 ; gain = 63.871 ; free physical = 19855 ; free virtual = 59790
---------------------------------------------------------------------------------
---------------------------------------------------------------------------------
Start Applying XDC Timing Constraints
---------------------------------------------------------------------------------
---------------------------------------------------------------------------------
Finished Applying XDC Timing Constraints : Time (s): cpu = 00:00:14 ; elapsed = 00:00:15 . Memory (MB): peak = 2664.730 ; gain = 63.871 ; free physical = 19629 ; free virtual = 59617
---------------------------------------------------------------------------------
---------------------------------------------------------------------------------
Start Timing Optimization
---------------------------------------------------------------------------------
---------------------------------------------------------------------------------
Finished Timing Optimization : Time (s): cpu = 00:00:14 ; elapsed = 00:00:15 . Memory (MB): peak = 2664.730 ; gain = 63.871 ; free physical = 19549 ; free virtual = 59602
---------------------------------------------------------------------------------
---------------------------------------------------------------------------------
Start Technology Mapping
---------------------------------------------------------------------------------
---------------------------------------------------------------------------------
Finished Technology Mapping : Time (s): cpu = 00:00:14 ; elapsed = 00:00:15 . Memory (MB): peak = 2664.730 ; gain = 63.871 ; free physical = 19516 ; free virtual = 59587
---------------------------------------------------------------------------------
---------------------------------------------------------------------------------
Start IO Insertion
---------------------------------------------------------------------------------
---------------------------------------------------------------------------------
Start Flattening Before IO Insertion
---------------------------------------------------------------------------------
---------------------------------------------------------------------------------
Finished Flattening Before IO Insertion
---------------------------------------------------------------------------------
---------------------------------------------------------------------------------
Start Final Netlist Cleanup
---------------------------------------------------------------------------------
---------------------------------------------------------------------------------
Finished Final Netlist Cleanup
---------------------------------------------------------------------------------
---------------------------------------------------------------------------------
Finished IO Insertion : Time (s): cpu = 00:00:17 ; elapsed = 00:00:18 . Memory (MB): peak = 2664.730 ; gain = 63.871 ; free physical = 19631 ; free virtual = 59576
---------------------------------------------------------------------------------
---------------------------------------------------------------------------------
Start Renaming Generated Instances
---------------------------------------------------------------------------------
---------------------------------------------------------------------------------
Finished Renaming Generated Instances : Time (s): cpu = 00:00:17 ; elapsed = 00:00:18 . Memory (MB): peak = 2664.730 ; gain = 63.871 ; free physical = 19631 ; free virtual = 59576
---------------------------------------------------------------------------------
---------------------------------------------------------------------------------
Start Rebuilding User Hierarchy
---------------------------------------------------------------------------------
---------------------------------------------------------------------------------
Finished Rebuilding User Hierarchy : Time (s): cpu = 00:00:17 ; elapsed = 00:00:18 . Memory (MB): peak = 2664.730 ; gain = 63.871 ; free physical = 19631 ; free virtual = 59576
---------------------------------------------------------------------------------
---------------------------------------------------------------------------------
Start Renaming Generated Ports
---------------------------------------------------------------------------------
---------------------------------------------------------------------------------
Finished Renaming Generated Ports : Time (s): cpu = 00:00:17 ; elapsed = 00:00:18 . Memory (MB): peak = 2664.730 ; gain = 63.871 ; free physical = 19631 ; free virtual = 59576
---------------------------------------------------------------------------------
---------------------------------------------------------------------------------
Start Handling Custom Attributes
---------------------------------------------------------------------------------
---------------------------------------------------------------------------------
Finished Handling Custom Attributes : Time (s): cpu = 00:00:17 ; elapsed = 00:00:18 . Memory (MB): peak = 2664.730 ; gain = 63.871 ; free physical = 19631 ; free virtual = 59576
---------------------------------------------------------------------------------
---------------------------------------------------------------------------------
Start Renaming Generated Nets
---------------------------------------------------------------------------------
---------------------------------------------------------------------------------
Finished Renaming Generated Nets : Time (s): cpu = 00:00:17 ; elapsed = 00:00:18 . Memory (MB): peak = 2664.730 ; gain = 63.871 ; free physical = 19631 ; free virtual = 59576
---------------------------------------------------------------------------------
---------------------------------------------------------------------------------
Start Writing Synthesis Report
---------------------------------------------------------------------------------

Report BlackBoxes: 
+------+--------------+----------+
|      |BlackBox name |Instances |
+------+--------------+----------+
|1     |vio_0         |         1|
+------+--------------+----------+

Report Cell Usage: 
+------+-------+------+
|      |Cell   |Count |
+------+-------+------+
|1     |vio    |     1|
|2     |BUFG   |     1|
|3     |CARRY4 |     2|
|4     |LUT2   |    21|
|5     |LUT3   |    17|
|6     |LUT5   |    26|
|7     |LUT6   |    50|
|8     |MUXF7  |     8|
|9     |FDRE   |    48|
|10    |IBUF   |     2|
|11    |OBUF   |     9|
+------+-------+------+
---------------------------------------------------------------------------------
Finished Writing Synthesis Report : Time (s): cpu = 00:00:17 ; elapsed = 00:00:18 . Memory (MB): peak = 2664.730 ; gain = 63.871 ; free physical = 19631 ; free virtual = 59576
---------------------------------------------------------------------------------
Synthesis finished with 0 errors, 0 critical warnings and 1 warnings.
Synthesis Optimization Runtime : Time (s): cpu = 00:00:16 ; elapsed = 00:00:17 . Memory (MB): peak = 2664.730 ; gain = 0.000 ; free physical = 19686 ; free virtual = 59632
Synthesis Optimization Complete : Time (s): cpu = 00:00:17 ; elapsed = 00:00:18 . Memory (MB): peak = 2664.730 ; gain = 63.871 ; free physical = 19686 ; free virtual = 59632
INFO: [Project 1-571] Translating synthesized netlist
Netlist sorting complete. Time (s): cpu = 00:00:00 ; elapsed = 00:00:00 . Memory (MB): peak = 2664.730 ; gain = 0.000 ; free physical = 19776 ; free virtual = 59722
INFO: [Netlist 29-17] Analyzing 10 Unisim elements for replacement
INFO: [Netlist 29-28] Unisim Transformation completed in 0 CPU seconds
INFO: [Project 1-570] Preparing netlist for logic optimization
INFO: [Opt 31-138] Pushed 0 inverter(s) to 0 load pin(s).
Netlist sorting complete. Time (s): cpu = 00:00:00 ; elapsed = 00:00:00 . Memory (MB): peak = 2664.730 ; gain = 0.000 ; free physical = 19675 ; free virtual = 59643
INFO: [Project 1-111] Unisim Transformation Summary:
No Unisim elements were transformed.

Synth Design complete, checksum: d5a1b373
INFO: [Common 17-83] Releasing license: Synthesis
32 Infos, 7 Warnings, 0 Critical Warnings and 0 Errors encountered.
synth_design completed successfully
synth_design: Time (s): cpu = 00:00:26 ; elapsed = 00:00:22 . Memory (MB): peak = 2664.730 ; gain = 64.031 ; free physical = 19866 ; free virtual = 59838
INFO: [Common 17-1381] The checkpoint '/home/trevormaxjs/lab_4/lab_4.runs/synth_1/alu_regfile_vio_top.dcp' has been generated.
INFO: [runtcl-4] Executing : report_utilization -file alu_regfile_vio_top_utilization_synth.rpt -pb alu_regfile_vio_top_utilization_synth.pb
INFO: [Common 17-206] Exiting Vivado at Fri Mar 25 10:08:51 2022...
